Determining if the pthread_create exist failed with the following output:
Change Dir: /home/emil/Dropbox/UNI/MSc/ROVIProjekt/ROVIProjekt/VIS/buildM2/CMakeFiles/CMakeTmp

Run Build Command:"/usr/bin/make" "cmTC_58fe5/fast"
/usr/bin/make -f CMakeFiles/cmTC_58fe5.dir/build.make CMakeFiles/cmTC_58fe5.dir/build
make[1]: Entering directory '/home/emil/Dropbox/UNI/MSc/ROVIProjekt/ROVIProjekt/VIS/buildM2/CMakeFiles/CMakeTmp'
Building C object CMakeFiles/cmTC_58fe5.dir/CheckSymbolExists.c.o
/usr/bin/gcc   -fPIC    -o CMakeFiles/cmTC_58fe5.dir/CheckSymbolExists.c.o   -c /home/emil/Dropbox/UNI/MSc/ROVIProjekt/ROVIProjekt/VIS/buildM2/CMakeFiles/CMakeTmp/CheckSymbolExists.c
Linking C executable cmTC_58fe5
/usr/bin/cmake -E cmake_link_script CMakeFiles/cmTC_58fe5.dir/link.txt --verbose=1
/usr/bin/gcc   -fPIC     -rdynamic CMakeFiles/cmTC_58fe5.dir/CheckSymbolExists.c.o  -o cmTC_58fe5 
/usr/bin/ld: CMakeFiles/cmTC_58fe5.dir/CheckSymbolExists.c.o: in function `main':
CheckSymbolExists.c:(.text+0x1b): undefined reference to `pthread_create'
collect2: error: ld returned 1 exit status
make[1]: *** [CMakeFiles/cmTC_58fe5.dir/build.make:87: cmTC_58fe5] Error 1
make[1]: Leaving directory '/home/emil/Dropbox/UNI/MSc/ROVIProjekt/ROVIProjekt/VIS/buildM2/CMakeFiles/CMakeTmp'
make: *** [Makefile:121: cmTC_58fe5/fast] Error 2

File /home/emil/Dropbox/UNI/MSc/ROVIProjekt/ROVIProjekt/VIS/buildM2/CMakeFiles/CMakeTmp/CheckSymbolExists.c:
/* */
#include <pthread.h>

int main(int argc, char** argv)
{
  (void)argv;
#ifndef pthread_create
  return ((int*)(&pthread_create))[argc];
#else
  (void)argc;
  return 0;
#endif
}

Determining if the function pthread_create exists in the pthreads failed with the following output:
Change Dir: /home/emil/Dropbox/UNI/MSc/ROVIProjekt/ROVIProjekt/VIS/buildM2/CMakeFiles/CMakeTmp

Run Build Command:"/usr/bin/make" "cmTC_a7793/fast"
/usr/bin/make -f CMakeFiles/cmTC_a7793.dir/build.make CMakeFiles/cmTC_a7793.dir/build
make[1]: Entering directory '/home/emil/Dropbox/UNI/MSc/ROVIProjekt/ROVIProjekt/VIS/buildM2/CMakeFiles/CMakeTmp'
Building C object CMakeFiles/cmTC_a7793.dir/CheckFunctionExists.c.o
/usr/bin/gcc   -fPIC -DCHECK_FUNCTION_EXISTS=pthread_create   -o CMakeFiles/cmTC_a7793.dir/CheckFunctionExists.c.o   -c /usr/share/cmake-3.13/Modules/CheckFunctionExists.c
Linking C executable cmTC_a7793
/usr/bin/cmake -E cmake_link_script CMakeFiles/cmTC_a7793.dir/link.txt --verbose=1
/usr/bin/gcc   -fPIC -DCHECK_FUNCTION_EXISTS=pthread_create    -rdynamic CMakeFiles/cmTC_a7793.dir/CheckFunctionExists.c.o  -o cmTC_a7793 -lpthreads 
/usr/bin/ld: cannot find -lpthreads
collect2: error: ld returned 1 exit status
make[1]: *** [CMakeFiles/cmTC_a7793.dir/build.make:87: cmTC_a7793] Error 1
make[1]: Leaving directory '/home/emil/Dropbox/UNI/MSc/ROVIProjekt/ROVIProjekt/VIS/buildM2/CMakeFiles/CMakeTmp'
make: *** [Makefile:121: cmTC_a7793/fast] Error 2


